The system is: CYGWIN - 3.0.7(0.338/5/3) - x86_64
Compiling the C compiler identification source file "CMakeCCompilerId.c" succeeded.
Compiler: /usr/bin/cc 
Build flags: 
Id flags:  

The output was:
0


Compilation of the C compiler identification source "CMakeCCompilerId.c" produced "a.exe"

The C compiler identification is GNU, found in "/cygdrive/c/Users/Marion/Documents/GitHub/GEN/GEN_Labo5/cmake-build-debug/CMakeFiles/3.14.3/CompilerIdC/a.exe"

Compiling the CXX compiler identification source file "CMakeCXXCompilerId.cpp" succeeded.
Compiler: /usr/bin/c++.exe 
Build flags: 
Id flags:  

The output was:
0


Compilation of the CXX compiler identification source "CMakeCXXCompilerId.cpp" produced "a.exe"

The CXX compiler identification is GNU, found in "/cygdrive/c/Users/Marion/Documents/GitHub/GEN/GEN_Labo5/cmake-build-debug/CMakeFiles/3.14.3/CompilerIdCXX/a.exe"

Determining if the C compiler works passed with the following output:
Change Dir: /cygdrive/c/Users/Marion/Documents/GitHub/GEN/GEN_Labo5/cmake-build-debug/CMakeFiles/CMakeTmp

Run Build Command(s):/usr/bin/make.exe cmTC_f6d53/fast 
/usr/bin/make -f CMakeFiles/cmTC_f6d53.dir/build.make CMakeFiles/cmTC_f6d53.dir/build
make[1]: Entering directory '/cygdrive/c/Users/Marion/Documents/GitHub/GEN/GEN_Labo5/cmake-build-debug/CMakeFiles/CMakeTmp'
Building C object CMakeFiles/cmTC_f6d53.dir/testCCompiler.c.o
/usr/bin/cc    -o CMakeFiles/cmTC_f6d53.dir/testCCompiler.c.o   -c /cygdrive/c/Users/Marion/Documents/GitHub/GEN/GEN_Labo5/cmake-build-debug/CMakeFiles/CMakeTmp/testCCompiler.c
Linking C static library libcmTC_f6d53.a
/cygdrive/c/Users/Marion/.CLion2019.1/system/cygwin_cmake/bin/cmake.exe -P CMakeFiles/cmTC_f6d53.dir/cmake_clean_target.cmake
/cygdrive/c/Users/Marion/.CLion2019.1/system/cygwin_cmake/bin/cmake.exe -E cmake_link_script CMakeFiles/cmTC_f6d53.dir/link.txt --verbose=1
/usr/bin/ar.exe qc libcmTC_f6d53.a  CMakeFiles/cmTC_f6d53.dir/testCCompiler.c.o
/usr/bin/ranlib.exe libcmTC_f6d53.a
make[1]: Leaving directory '/cygdrive/c/Users/Marion/Documents/GitHub/GEN/GEN_Labo5/cmake-build-debug/CMakeFiles/CMakeTmp'


Detecting C compiler ABI info compiled with the following output:
Change Dir: /cygdrive/c/Users/Marion/Documents/GitHub/GEN/GEN_Labo5/cmake-build-debug/CMakeFiles/CMakeTmp

Run Build Command(s):/usr/bin/make.exe cmTC_a9cc2/fast 
/usr/bin/make -f CMakeFiles/cmTC_a9cc2.dir/build.make CMakeFiles/cmTC_a9cc2.dir/build
make[1]: Entering directory '/cygdrive/c/Users/Marion/Documents/GitHub/GEN/GEN_Labo5/cmake-build-debug/CMakeFiles/CMakeTmp'
Building C object CMakeFiles/cmTC_a9cc2.dir/CMakeCCompilerABI.c.o
/usr/bin/cc   -v -o CMakeFiles/cmTC_a9cc2.dir/CMakeCCompilerABI.c.o   -c /cygdrive/c/Users/Marion/.CLion2019.1/system/cygwin_cmake/share/cmake-3.14.3/Modules/CMakeCCompilerABI.c
Using built-in specs.
COLLECT_GCC=/usr/bin/cc
Target: x86_64-pc-cygwin
Configured with: /cygdrive/i/szsz/tmpp/gcc/gcc-7.4.0-1.x86_64/src/gcc-7.4.0/configure --srcdir=/cygdrive/i/szsz/tmpp/gcc/gcc-7.4.0-1.x86_64/src/gcc-7.4.0 --prefix=/usr --exec-prefix=/usr --localstatedir=/var --sysconfdir=/etc --docdir=/usr/share/doc/gcc --htmldir=/usr/share/doc/gcc/html -C --build=x86_64-pc-cygwin --host=x86_64-pc-cygwin --target=x86_64-pc-cygwin --without-libiconv-prefix --without-libintl-prefix --libexecdir=/usr/lib --enable-shared --enable-shared-libgcc --enable-static --enable-version-specific-runtime-libs --enable-bootstrap --enable-__cxa_atexit --with-dwarf2 --with-tune=generic --enable-languages=ada,c,c++,fortran,lto,objc,obj-c++ --enable-graphite --enable-threads=posix --enable-libatomic --enable-libcilkrts --enable-libgomp --enable-libitm --enable-libquadmath --enable-libquadmath-support --disable-libssp --enable-libada --disable-symvers --with-gnu-ld --with-gnu-as --with-cloog-include=/usr/include/cloog-isl --without-libiconv-prefix --without-libintl-prefix --with-system-zlib --enable-linker-build-id --with-default-libstdcxx-abi=gcc4-compatible --enable-libstdcxx-filesystem-ts
Thread model: posix
gcc version 7.4.0 (GCC) 
COLLECT_GCC_OPTIONS='-v' '-o' 'CMakeFiles/cmTC_a9cc2.dir/CMakeCCompilerABI.c.o' '-c' '-mtune=generic' '-march=x86-64'
 /usr/lib/gcc/x86_64-pc-cygwin/7.4.0/cc1.exe -quiet -v -idirafter /usr/lib/gcc/x86_64-pc-cygwin/7.4.0/../../../../lib/../include/w32api -idirafter /usr/lib/gcc/x86_64-pc-cygwin/7.4.0/../../../../x86_64-pc-cygwin/lib/../lib/../../include/w32api /cygdrive/c/Users/Marion/.CLion2019.1/system/cygwin_cmake/share/cmake-3.14.3/Modules/CMakeCCompilerABI.c -quiet -dumpbase CMakeCCompilerABI.c -mtune=generic -march=x86-64 -auxbase-strip CMakeFiles/cmTC_a9cc2.dir/CMakeCCompilerABI.c.o -version -o /tmp/ccoXzEVO.s
GNU C11 (GCC) version 7.4.0 (x86_64-pc-cygwin)
	compiled by GNU C version 7.4.0, GMP version 6.1.2, MPFR version 4.0.1-p11, MPC version 1.1.0, isl version isl-0.16.1-GMP

warning: MPFR header version 4.0.1-p11 differs from library version 4.0.2.
GGC heuristics: --param ggc-min-expand=100 --param ggc-min-heapsize=131072
ignoring nonexistent directory "/usr/local/include"
ignoring nonexistent directory "/usr/lib/gcc/x86_64-pc-cygwin/7.4.0/include-fixed"
ignoring nonexistent directory "/usr/lib/gcc/x86_64-pc-cygwin/7.4.0/../../../../x86_64-pc-cygwin/include"
ignoring duplicate directory "/usr/lib/gcc/x86_64-pc-cygwin/7.4.0/../../../../x86_64-pc-cygwin/lib/../lib/../../include/w32api"
#include "..." search starts here:
#include <...> search starts here:
 /usr/lib/gcc/x86_64-pc-cygwin/7.4.0/include
 /usr/include
 /usr/lib/gcc/x86_64-pc-cygwin/7.4.0/../../../../lib/../include/w32api
End of search list.
GNU C11 (GCC) version 7.4.0 (x86_64-pc-cygwin)
	compiled by GNU C version 7.4.0, GMP version 6.1.2, MPFR version 4.0.1-p11, MPC version 1.1.0, isl version isl-0.16.1-GMP

warning: MPFR header version 4.0.1-p11 differs from library version 4.0.2.
GGC heuristics: --param ggc-min-expand=100 --param ggc-min-heapsize=131072
Compiler executable checksum: 270bde28ab2fe879b4f5a4d0227b7e66
COLLECT_GCC_OPTIONS='-v' '-o' 'CMakeFiles/cmTC_a9cc2.dir/CMakeCCompilerABI.c.o' '-c' '-mtune=generic' '-march=x86-64'
 /usr/lib/gcc/x86_64-pc-cygwin/7.4.0/../../../../x86_64-pc-cygwin/bin/as.exe -v -o CMakeFiles/cmTC_a9cc2.dir/CMakeCCompilerABI.c.o /tmp/ccoXzEVO.s
GNU assembler version 2.29.1 (x86_64-pc-cygwin) using BFD version (GNU Binutils) 2.29.1.20171006
COMPILER_PATH=/usr/lib/gcc/x86_64-pc-cygwin/7.4.0/:/usr/lib/gcc/x86_64-pc-cygwin/7.4.0/:/usr/lib/gcc/x86_64-pc-cygwin/:/usr/lib/gcc/x86_64-pc-cygwin/7.4.0/:/usr/lib/gcc/x86_64-pc-cygwin/:/usr/lib/gcc/x86_64-pc-cygwin/7.4.0/../../../../x86_64-pc-cygwin/bin/
LIBRARY_PATH=/usr/lib/gcc/x86_64-pc-cygwin/7.4.0/:/usr/lib/gcc/x86_64-pc-cygwin/7.4.0/../../../../x86_64-pc-cygwin/lib/../lib/:/usr/lib/gcc/x86_64-pc-cygwin/7.4.0/../../../../lib/:/lib/../lib/:/usr/lib/../lib/:/usr/lib/gcc/x86_64-pc-cygwin/7.4.0/../../../../x86_64-pc-cygwin/lib/:/usr/lib/gcc/x86_64-pc-cygwin/7.4.0/../../../:/lib/:/usr/lib/
COLLECT_GCC_OPTIONS='-v' '-o' 'CMakeFiles/cmTC_a9cc2.dir/CMakeCCompilerABI.c.o' '-c' '-mtune=generic' '-march=x86-64'
Linking C static library libcmTC_a9cc2.a
/cygdrive/c/Users/Marion/.CLion2019.1/system/cygwin_cmake/bin/cmake.exe -P CMakeFiles/cmTC_a9cc2.dir/cmake_clean_target.cmake
/cygdrive/c/Users/Marion/.CLion2019.1/system/cygwin_cmake/bin/cmake.exe -E cmake_link_script CMakeFiles/cmTC_a9cc2.dir/link.txt --verbose=1
/usr/bin/ar.exe qc libcmTC_a9cc2.a  CMakeFiles/cmTC_a9cc2.dir/CMakeCCompilerABI.c.o
/usr/bin/ranlib.exe libcmTC_a9cc2.a
make[1]: Leaving directory '/cygdrive/c/Users/Marion/Documents/GitHub/GEN/GEN_Labo5/cmake-build-debug/CMakeFiles/CMakeTmp'


Parsed C implicit include dir info from above output: rv=done
  found start of include info
  found start of implicit include info
    add: [/usr/lib/gcc/x86_64-pc-cygwin/7.4.0/include]
    add: [/usr/include]
    add: [/usr/lib/gcc/x86_64-pc-cygwin/7.4.0/../../../../lib/../include/w32api]
  end of search list found
  collapse include dir [/usr/lib/gcc/x86_64-pc-cygwin/7.4.0/include] ==> [/usr/lib/gcc/x86_64-pc-cygwin/7.4.0/include]
  collapse include dir [/usr/include] ==> [/usr/include]
  collapse include dir [/usr/lib/gcc/x86_64-pc-cygwin/7.4.0/../../../../lib/../include/w32api] ==> [/usr/include/w32api]
  implicit include dirs: [/usr/lib/gcc/x86_64-pc-cygwin/7.4.0/include;/usr/include;/usr/include/w32api]


Parsed C implicit link information from above output:
  link line regex: [^( *|.*[/\])(ld\.exe|CMAKE_LINK_STARTFILE-NOTFOUND|([^/\]+-)?ld|collect2)[^/\]*( |$)]
  ignore line: [Change Dir: /cygdrive/c/Users/Marion/Documents/GitHub/GEN/GEN_Labo5/cmake-build-debug/CMakeFiles/CMakeTmp]
  ignore line: []
  ignore line: [Run Build Command(s):/usr/bin/make.exe cmTC_a9cc2/fast ]
  ignore line: [/usr/bin/make -f CMakeFiles/cmTC_a9cc2.dir/build.make CMakeFiles/cmTC_a9cc2.dir/build]
  ignore line: [make[1]: Entering directory '/cygdrive/c/Users/Marion/Documents/GitHub/GEN/GEN_Labo5/cmake-build-debug/CMakeFiles/CMakeTmp']
  ignore line: [Building C object CMakeFiles/cmTC_a9cc2.dir/CMakeCCompilerABI.c.o]
  ignore line: [/usr/bin/cc   -v -o CMakeFiles/cmTC_a9cc2.dir/CMakeCCompilerABI.c.o   -c /cygdrive/c/Users/Marion/.CLion2019.1/system/cygwin_cmake/share/cmake-3.14.3/Modules/CMakeCCompilerABI.c]
  ignore line: [Using built-in specs.]
  ignore line: [COLLECT_GCC=/usr/bin/cc]
  ignore line: [Target: x86_64-pc-cygwin]
  ignore line: [Configured with: /cygdrive/i/szsz/tmpp/gcc/gcc-7.4.0-1.x86_64/src/gcc-7.4.0/configure --srcdir=/cygdrive/i/szsz/tmpp/gcc/gcc-7.4.0-1.x86_64/src/gcc-7.4.0 --prefix=/usr --exec-prefix=/usr --localstatedir=/var --sysconfdir=/etc --docdir=/usr/share/doc/gcc --htmldir=/usr/share/doc/gcc/html -C --build=x86_64-pc-cygwin --host=x86_64-pc-cygwin --target=x86_64-pc-cygwin --without-libiconv-prefix --without-libintl-prefix --libexecdir=/usr/lib --enable-shared --enable-shared-libgcc --enable-static --enable-version-specific-runtime-libs --enable-bootstrap --enable-__cxa_atexit --with-dwarf2 --with-tune=generic --enable-languages=ada,c,c++,fortran,lto,objc,obj-c++ --enable-graphite --enable-threads=posix --enable-libatomic --enable-libcilkrts --enable-libgomp --enable-libitm --enable-libquadmath --enable-libquadmath-support --disable-libssp --enable-libada --disable-symvers --with-gnu-ld --with-gnu-as --with-cloog-include=/usr/include/cloog-isl --without-libiconv-prefix --without-libintl-prefix --with-system-zlib --enable-linker-build-id --with-default-libstdcxx-abi=gcc4-compatible --enable-libstdcxx-filesystem-ts]
  ignore line: [Thread model: posix]
  ignore line: [gcc version 7.4.0 (GCC) ]
  ignore line: [COLLECT_GCC_OPTIONS='-v' '-o' 'CMakeFiles/cmTC_a9cc2.dir/CMakeCCompilerABI.c.o' '-c' '-mtune=generic' '-march=x86-64']
  ignore line: [ /usr/lib/gcc/x86_64-pc-cygwin/7.4.0/cc1.exe -quiet -v -idirafter /usr/lib/gcc/x86_64-pc-cygwin/7.4.0/../../../../lib/../include/w32api -idirafter /usr/lib/gcc/x86_64-pc-cygwin/7.4.0/../../../../x86_64-pc-cygwin/lib/../lib/../../include/w32api /cygdrive/c/Users/Marion/.CLion2019.1/system/cygwin_cmake/share/cmake-3.14.3/Modules/CMakeCCompilerABI.c -quiet -dumpbase CMakeCCompilerABI.c -mtune=generic -march=x86-64 -auxbase-strip CMakeFiles/cmTC_a9cc2.dir/CMakeCCompilerABI.c.o -version -o /tmp/ccoXzEVO.s]
  ignore line: [GNU C11 (GCC) version 7.4.0 (x86_64-pc-cygwin)]
  ignore line: [	compiled by GNU C version 7.4.0, GMP version 6.1.2, MPFR version 4.0.1-p11, MPC version 1.1.0, isl version isl-0.16.1-GMP]
  ignore line: []
  ignore line: [warning: MPFR header version 4.0.1-p11 differs from library version 4.0.2.]
  ignore line: [GGC heuristics: --param ggc-min-expand=100 --param ggc-min-heapsize=131072]
  ignore line: [ignoring nonexistent directory "/usr/local/include"]
  ignore line: [ignoring nonexistent directory "/usr/lib/gcc/x86_64-pc-cygwin/7.4.0/include-fixed"]
  ignore line: [ignoring nonexistent directory "/usr/lib/gcc/x86_64-pc-cygwin/7.4.0/../../../../x86_64-pc-cygwin/include"]
  ignore line: [ignoring duplicate directory "/usr/lib/gcc/x86_64-pc-cygwin/7.4.0/../../../../x86_64-pc-cygwin/lib/../lib/../../include/w32api"]
  ignore line: [#include "..." search starts here:]
  ignore line: [#include <...> search starts here:]
  ignore line: [ /usr/lib/gcc/x86_64-pc-cygwin/7.4.0/include]
  ignore line: [ /usr/include]
  ignore line: [ /usr/lib/gcc/x86_64-pc-cygwin/7.4.0/../../../../lib/../include/w32api]
  ignore line: [End of search list.]
  ignore line: [GNU C11 (GCC) version 7.4.0 (x86_64-pc-cygwin)]
  ignore line: [	compiled by GNU C version 7.4.0, GMP version 6.1.2, MPFR version 4.0.1-p11, MPC version 1.1.0, isl version isl-0.16.1-GMP]
  ignore line: []
  ignore line: [warning: MPFR header version 4.0.1-p11 differs from library version 4.0.2.]
  ignore line: [GGC heuristics: --param ggc-min-expand=100 --param ggc-min-heapsize=131072]
  ignore line: [Compiler executable checksum: 270bde28ab2fe879b4f5a4d0227b7e66]
  ignore line: [COLLECT_GCC_OPTIONS='-v' '-o' 'CMakeFiles/cmTC_a9cc2.dir/CMakeCCompilerABI.c.o' '-c' '-mtune=generic' '-march=x86-64']
  ignore line: [ /usr/lib/gcc/x86_64-pc-cygwin/7.4.0/../../../../x86_64-pc-cygwin/bin/as.exe -v -o CMakeFiles/cmTC_a9cc2.dir/CMakeCCompilerABI.c.o /tmp/ccoXzEVO.s]
  ignore line: [GNU assembler version 2.29.1 (x86_64-pc-cygwin) using BFD version (GNU Binutils) 2.29.1.20171006]
  ignore line: [COMPILER_PATH=/usr/lib/gcc/x86_64-pc-cygwin/7.4.0/:/usr/lib/gcc/x86_64-pc-cygwin/7.4.0/:/usr/lib/gcc/x86_64-pc-cygwin/:/usr/lib/gcc/x86_64-pc-cygwin/7.4.0/:/usr/lib/gcc/x86_64-pc-cygwin/:/usr/lib/gcc/x86_64-pc-cygwin/7.4.0/../../../../x86_64-pc-cygwin/bin/]
  ignore line: [LIBRARY_PATH=/usr/lib/gcc/x86_64-pc-cygwin/7.4.0/:/usr/lib/gcc/x86_64-pc-cygwin/7.4.0/../../../../x86_64-pc-cygwin/lib/../lib/:/usr/lib/gcc/x86_64-pc-cygwin/7.4.0/../../../../lib/:/lib/../lib/:/usr/lib/../lib/:/usr/lib/gcc/x86_64-pc-cygwin/7.4.0/../../../../x86_64-pc-cygwin/lib/:/usr/lib/gcc/x86_64-pc-cygwin/7.4.0/../../../:/lib/:/usr/lib/]
  ignore line: [COLLECT_GCC_OPTIONS='-v' '-o' 'CMakeFiles/cmTC_a9cc2.dir/CMakeCCompilerABI.c.o' '-c' '-mtune=generic' '-march=x86-64']
  ignore line: [Linking C static library libcmTC_a9cc2.a]
  ignore line: [/cygdrive/c/Users/Marion/.CLion2019.1/system/cygwin_cmake/bin/cmake.exe -P CMakeFiles/cmTC_a9cc2.dir/cmake_clean_target.cmake]
  ignore line: [/cygdrive/c/Users/Marion/.CLion2019.1/system/cygwin_cmake/bin/cmake.exe -E cmake_link_script CMakeFiles/cmTC_a9cc2.dir/link.txt --verbose=1]
  ignore line: [/usr/bin/ar.exe qc libcmTC_a9cc2.a  CMakeFiles/cmTC_a9cc2.dir/CMakeCCompilerABI.c.o]
  ignore line: [/usr/bin/ranlib.exe libcmTC_a9cc2.a]
  ignore line: [make[1]: Leaving directory '/cygdrive/c/Users/Marion/Documents/GitHub/GEN/GEN_Labo5/cmake-build-debug/CMakeFiles/CMakeTmp']
  ignore line: []
  implicit libs: []
  implicit dirs: []
  implicit fwks: []




Detecting C [-std=c11] compiler features compiled with the following output:
Change Dir: /cygdrive/c/Users/Marion/Documents/GitHub/GEN/GEN_Labo5/cmake-build-debug/CMakeFiles/CMakeTmp

Run Build Command(s):/usr/bin/make.exe cmTC_0325f/fast 
/usr/bin/make -f CMakeFiles/cmTC_0325f.dir/build.make CMakeFiles/cmTC_0325f.dir/build
make[1]: Entering directory '/cygdrive/c/Users/Marion/Documents/GitHub/GEN/GEN_Labo5/cmake-build-debug/CMakeFiles/CMakeTmp'
Building C object CMakeFiles/cmTC_0325f.dir/feature_tests.c.o
/usr/bin/cc   -std=c11 -o CMakeFiles/cmTC_0325f.dir/feature_tests.c.o   -c /cygdrive/c/Users/Marion/Documents/GitHub/GEN/GEN_Labo5/cmake-build-debug/CMakeFiles/feature_tests.c
Linking C static library libcmTC_0325f.a
/cygdrive/c/Users/Marion/.CLion2019.1/system/cygwin_cmake/bin/cmake.exe -P CMakeFiles/cmTC_0325f.dir/cmake_clean_target.cmake
/cygdrive/c/Users/Marion/.CLion2019.1/system/cygwin_cmake/bin/cmake.exe -E cmake_link_script CMakeFiles/cmTC_0325f.dir/link.txt --verbose=1
/usr/bin/ar.exe qc libcmTC_0325f.a  CMakeFiles/cmTC_0325f.dir/feature_tests.c.o
/usr/bin/ranlib.exe libcmTC_0325f.a
make[1]: Leaving directory '/cygdrive/c/Users/Marion/Documents/GitHub/GEN/GEN_Labo5/cmake-build-debug/CMakeFiles/CMakeTmp'


    Feature record: C_FEATURE:1c_function_prototypes
    Feature record: C_FEATURE:1c_restrict
    Feature record: C_FEATURE:1c_static_assert
    Feature record: C_FEATURE:1c_variadic_macros


Detecting C [-std=c99] compiler features compiled with the following output:
Change Dir: /cygdrive/c/Users/Marion/Documents/GitHub/GEN/GEN_Labo5/cmake-build-debug/CMakeFiles/CMakeTmp

Run Build Command(s):/usr/bin/make.exe cmTC_79203/fast 
/usr/bin/make -f CMakeFiles/cmTC_79203.dir/build.make CMakeFiles/cmTC_79203.dir/build
make[1]: Entering directory '/cygdrive/c/Users/Marion/Documents/GitHub/GEN/GEN_Labo5/cmake-build-debug/CMakeFiles/CMakeTmp'
Building C object CMakeFiles/cmTC_79203.dir/feature_tests.c.o
/usr/bin/cc   -std=c99 -o CMakeFiles/cmTC_79203.dir/feature_tests.c.o   -c /cygdrive/c/Users/Marion/Documents/GitHub/GEN/GEN_Labo5/cmake-build-debug/CMakeFiles/feature_tests.c
Linking C static library libcmTC_79203.a
/cygdrive/c/Users/Marion/.CLion2019.1/system/cygwin_cmake/bin/cmake.exe -P CMakeFiles/cmTC_79203.dir/cmake_clean_target.cmake
/cygdrive/c/Users/Marion/.CLion2019.1/system/cygwin_cmake/bin/cmake.exe -E cmake_link_script CMakeFiles/cmTC_79203.dir/link.txt --verbose=1
/usr/bin/ar.exe qc libcmTC_79203.a  CMakeFiles/cmTC_79203.dir/feature_tests.c.o
/usr/bin/ranlib.exe libcmTC_79203.a
make[1]: Leaving directory '/cygdrive/c/Users/Marion/Documents/GitHub/GEN/GEN_Labo5/cmake-build-debug/CMakeFiles/CMakeTmp'


    Feature record: C_FEATURE:1c_function_prototypes
    Feature record: C_FEATURE:1c_restrict
    Feature record: C_FEATURE:0c_static_assert
    Feature record: C_FEATURE:1c_variadic_macros


Detecting C [-std=c90] compiler features compiled with the following output:
Change Dir: /cygdrive/c/Users/Marion/Documents/GitHub/GEN/GEN_Labo5/cmake-build-debug/CMakeFiles/CMakeTmp

Run Build Command(s):/usr/bin/make.exe cmTC_7baeb/fast 
/usr/bin/make -f CMakeFiles/cmTC_7baeb.dir/build.make CMakeFiles/cmTC_7baeb.dir/build
make[1]: Entering directory '/cygdrive/c/Users/Marion/Documents/GitHub/GEN/GEN_Labo5/cmake-build-debug/CMakeFiles/CMakeTmp'
Building C object CMakeFiles/cmTC_7baeb.dir/feature_tests.c.o
/usr/bin/cc   -std=c90 -o CMakeFiles/cmTC_7baeb.dir/feature_tests.c.o   -c /cygdrive/c/Users/Marion/Documents/GitHub/GEN/GEN_Labo5/cmake-build-debug/CMakeFiles/feature_tests.c
Linking C static library libcmTC_7baeb.a
/cygdrive/c/Users/Marion/.CLion2019.1/system/cygwin_cmake/bin/cmake.exe -P CMakeFiles/cmTC_7baeb.dir/cmake_clean_target.cmake
/cygdrive/c/Users/Marion/.CLion2019.1/system/cygwin_cmake/bin/cmake.exe -E cmake_link_script CMakeFiles/cmTC_7baeb.dir/link.txt --verbose=1
/usr/bin/ar.exe qc libcmTC_7baeb.a  CMakeFiles/cmTC_7baeb.dir/feature_tests.c.o
/usr/bin/ranlib.exe libcmTC_7baeb.a
make[1]: Leaving directory '/cygdrive/c/Users/Marion/Documents/GitHub/GEN/GEN_Labo5/cmake-build-debug/CMakeFiles/CMakeTmp'


    Feature record: C_FEATURE:1c_function_prototypes
    Feature record: C_FEATURE:0c_restrict
    Feature record: C_FEATURE:0c_static_assert
    Feature record: C_FEATURE:0c_variadic_macros
Determining if the CXX compiler works passed with the following output:
Change Dir: /cygdrive/c/Users/Marion/Documents/GitHub/GEN/GEN_Labo5/cmake-build-debug/CMakeFiles/CMakeTmp

Run Build Command(s):/usr/bin/make.exe cmTC_e60cb/fast 
/usr/bin/make -f CMakeFiles/cmTC_e60cb.dir/build.make CMakeFiles/cmTC_e60cb.dir/build
make[1]: Entering directory '/cygdrive/c/Users/Marion/Documents/GitHub/GEN/GEN_Labo5/cmake-build-debug/CMakeFiles/CMakeTmp'
Building CXX object CMakeFiles/cmTC_e60cb.dir/testCXXCompiler.cxx.o
/usr/bin/c++.exe     -o CMakeFiles/cmTC_e60cb.dir/testCXXCompiler.cxx.o -c /cygdrive/c/Users/Marion/Documents/GitHub/GEN/GEN_Labo5/cmake-build-debug/CMakeFiles/CMakeTmp/testCXXCompiler.cxx
Linking CXX static library libcmTC_e60cb.a
/cygdrive/c/Users/Marion/.CLion2019.1/system/cygwin_cmake/bin/cmake.exe -P CMakeFiles/cmTC_e60cb.dir/cmake_clean_target.cmake
/cygdrive/c/Users/Marion/.CLion2019.1/system/cygwin_cmake/bin/cmake.exe -E cmake_link_script CMakeFiles/cmTC_e60cb.dir/link.txt --verbose=1
/usr/bin/ar.exe qc libcmTC_e60cb.a  CMakeFiles/cmTC_e60cb.dir/testCXXCompiler.cxx.o
/usr/bin/ranlib.exe libcmTC_e60cb.a
make[1]: Leaving directory '/cygdrive/c/Users/Marion/Documents/GitHub/GEN/GEN_Labo5/cmake-build-debug/CMakeFiles/CMakeTmp'


Detecting CXX compiler ABI info compiled with the following output:
Change Dir: /cygdrive/c/Users/Marion/Documents/GitHub/GEN/GEN_Labo5/cmake-build-debug/CMakeFiles/CMakeTmp

Run Build Command(s):/usr/bin/make.exe cmTC_60f04/fast 
/usr/bin/make -f CMakeFiles/cmTC_60f04.dir/build.make CMakeFiles/cmTC_60f04.dir/build
make[1]: Entering directory '/cygdrive/c/Users/Marion/Documents/GitHub/GEN/GEN_Labo5/cmake-build-debug/CMakeFiles/CMakeTmp'
Building CXX object CMakeFiles/cmTC_60f04.dir/CMakeCXXCompilerABI.cpp.o
/usr/bin/c++.exe    -v -o CMakeFiles/cmTC_60f04.dir/CMakeCXXCompilerABI.cpp.o -c /cygdrive/c/Users/Marion/.CLion2019.1/system/cygwin_cmake/share/cmake-3.14.3/Modules/CMakeCXXCompilerABI.cpp
Using built-in specs.
COLLECT_GCC=/usr/bin/c++
Target: x86_64-pc-cygwin
Configured with: /cygdrive/i/szsz/tmpp/gcc/gcc-7.4.0-1.x86_64/src/gcc-7.4.0/configure --srcdir=/cygdrive/i/szsz/tmpp/gcc/gcc-7.4.0-1.x86_64/src/gcc-7.4.0 --prefix=/usr --exec-prefix=/usr --localstatedir=/var --sysconfdir=/etc --docdir=/usr/share/doc/gcc --htmldir=/usr/share/doc/gcc/html -C --build=x86_64-pc-cygwin --host=x86_64-pc-cygwin --target=x86_64-pc-cygwin --without-libiconv-prefix --without-libintl-prefix --libexecdir=/usr/lib --enable-shared --enable-shared-libgcc --enable-static --enable-version-specific-runtime-libs --enable-bootstrap --enable-__cxa_atexit --with-dwarf2 --with-tune=generic --enable-languages=ada,c,c++,fortran,lto,objc,obj-c++ --enable-graphite --enable-threads=posix --enable-libatomic --enable-libcilkrts --enable-libgomp --enable-libitm --enable-libquadmath --enable-libquadmath-support --disable-libssp --enable-libada --disable-symvers --with-gnu-ld --with-gnu-as --with-cloog-include=/usr/include/cloog-isl --without-libiconv-prefix --without-libintl-prefix --with-system-zlib --enable-linker-build-id --with-default-libstdcxx-abi=gcc4-compatible --enable-libstdcxx-filesystem-ts
Thread model: posix
gcc version 7.4.0 (GCC) 
COLLECT_GCC_OPTIONS='-v' '-o' 'CMakeFiles/cmTC_60f04.dir/CMakeCXXCompilerABI.cpp.o' '-c' '-shared-libgcc' '-mtune=generic' '-march=x86-64'
 /usr/lib/gcc/x86_64-pc-cygwin/7.4.0/cc1plus.exe -quiet -v -idirafter /usr/lib/gcc/x86_64-pc-cygwin/7.4.0/../../../../lib/../include/w32api -idirafter /usr/lib/gcc/x86_64-pc-cygwin/7.4.0/../../../../x86_64-pc-cygwin/lib/../lib/../../include/w32api /cygdrive/c/Users/Marion/.CLion2019.1/system/cygwin_cmake/share/cmake-3.14.3/Modules/CMakeCXXCompilerABI.cpp -quiet -dumpbase CMakeCXXCompilerABI.cpp -mtune=generic -march=x86-64 -auxbase-strip CMakeFiles/cmTC_60f04.dir/CMakeCXXCompilerABI.cpp.o -version -o /tmp/cc1ZawHs.s
GNU C++14 (GCC) version 7.4.0 (x86_64-pc-cygwin)
	compiled by GNU C version 7.4.0, GMP version 6.1.2, MPFR version 4.0.1-p11, MPC version 1.1.0, isl version isl-0.16.1-GMP

warning: MPFR header version 4.0.1-p11 differs from library version 4.0.2.
GGC heuristics: --param ggc-min-expand=100 --param ggc-min-heapsize=131072
ignoring nonexistent directory "/usr/local/include"
ignoring nonexistent directory "/usr/lib/gcc/x86_64-pc-cygwin/7.4.0/include-fixed"
ignoring nonexistent directory "/usr/lib/gcc/x86_64-pc-cygwin/7.4.0/../../../../x86_64-pc-cygwin/include"
ignoring duplicate directory "/usr/lib/gcc/x86_64-pc-cygwin/7.4.0/../../../../x86_64-pc-cygwin/lib/../lib/../../include/w32api"
#include "..." search starts here:
#include <...> search starts here:
 /usr/lib/gcc/x86_64-pc-cygwin/7.4.0/include/c++
 /usr/lib/gcc/x86_64-pc-cygwin/7.4.0/include/c++/x86_64-pc-cygwin
 /usr/lib/gcc/x86_64-pc-cygwin/7.4.0/include/c++/backward
 /usr/lib/gcc/x86_64-pc-cygwin/7.4.0/include
 /usr/include
 /usr/lib/gcc/x86_64-pc-cygwin/7.4.0/../../../../lib/../include/w32api
End of search list.
GNU C++14 (GCC) version 7.4.0 (x86_64-pc-cygwin)
	compiled by GNU C version 7.4.0, GMP version 6.1.2, MPFR version 4.0.1-p11, MPC version 1.1.0, isl version isl-0.16.1-GMP

warning: MPFR header version 4.0.1-p11 differs from library version 4.0.2.
GGC heuristics: --param ggc-min-expand=100 --param ggc-min-heapsize=131072
Compiler executable checksum: fad625746d9e5a9fde6f0a54da0c00b5
COLLECT_GCC_OPTIONS='-v' '-o' 'CMakeFiles/cmTC_60f04.dir/CMakeCXXCompilerABI.cpp.o' '-c' '-shared-libgcc' '-mtune=generic' '-march=x86-64'
 /usr/lib/gcc/x86_64-pc-cygwin/7.4.0/../../../../x86_64-pc-cygwin/bin/as.exe -v -o CMakeFiles/cmTC_60f04.dir/CMakeCXXCompilerABI.cpp.o /tmp/cc1ZawHs.s
GNU assembler version 2.29.1 (x86_64-pc-cygwin) using BFD version (GNU Binutils) 2.29.1.20171006
COMPILER_PATH=/usr/lib/gcc/x86_64-pc-cygwin/7.4.0/:/usr/lib/gcc/x86_64-pc-cygwin/7.4.0/:/usr/lib/gcc/x86_64-pc-cygwin/:/usr/lib/gcc/x86_64-pc-cygwin/7.4.0/:/usr/lib/gcc/x86_64-pc-cygwin/:/usr/lib/gcc/x86_64-pc-cygwin/7.4.0/../../../../x86_64-pc-cygwin/bin/
LIBRARY_PATH=/usr/lib/gcc/x86_64-pc-cygwin/7.4.0/:/usr/lib/gcc/x86_64-pc-cygwin/7.4.0/../../../../x86_64-pc-cygwin/lib/../lib/:/usr/lib/gcc/x86_64-pc-cygwin/7.4.0/../../../../lib/:/lib/../lib/:/usr/lib/../lib/:/usr/lib/gcc/x86_64-pc-cygwin/7.4.0/../../../../x86_64-pc-cygwin/lib/:/usr/lib/gcc/x86_64-pc-cygwin/7.4.0/../../../:/lib/:/usr/lib/
COLLECT_GCC_OPTIONS='-v' '-o' 'CMakeFiles/cmTC_60f04.dir/CMakeCXXCompilerABI.cpp.o' '-c' '-shared-libgcc' '-mtune=generic' '-march=x86-64'
Linking CXX static library libcmTC_60f04.a
/cygdrive/c/Users/Marion/.CLion2019.1/system/cygwin_cmake/bin/cmake.exe -P CMakeFiles/cmTC_60f04.dir/cmake_clean_target.cmake
/cygdrive/c/Users/Marion/.CLion2019.1/system/cygwin_cmake/bin/cmake.exe -E cmake_link_script CMakeFiles/cmTC_60f04.dir/link.txt --verbose=1
/usr/bin/ar.exe qc libcmTC_60f04.a  CMakeFiles/cmTC_60f04.dir/CMakeCXXCompilerABI.cpp.o
/usr/bin/ranlib.exe libcmTC_60f04.a
make[1]: Leaving directory '/cygdrive/c/Users/Marion/Documents/GitHub/GEN/GEN_Labo5/cmake-build-debug/CMakeFiles/CMakeTmp'


Parsed CXX implicit include dir info from above output: rv=done
  found start of include info
  found start of implicit include info
    add: [/usr/lib/gcc/x86_64-pc-cygwin/7.4.0/include/c++]
    add: [/usr/lib/gcc/x86_64-pc-cygwin/7.4.0/include/c++/x86_64-pc-cygwin]
    add: [/usr/lib/gcc/x86_64-pc-cygwin/7.4.0/include/c++/backward]
    add: [/usr/lib/gcc/x86_64-pc-cygwin/7.4.0/include]
    add: [/usr/include]
    add: [/usr/lib/gcc/x86_64-pc-cygwin/7.4.0/../../../../lib/../include/w32api]
  end of search list found
  collapse include dir [/usr/lib/gcc/x86_64-pc-cygwin/7.4.0/include/c++] ==> [/usr/lib/gcc/x86_64-pc-cygwin/7.4.0/include/c++]
  collapse include dir [/usr/lib/gcc/x86_64-pc-cygwin/7.4.0/include/c++/x86_64-pc-cygwin] ==> [/usr/lib/gcc/x86_64-pc-cygwin/7.4.0/include/c++/x86_64-pc-cygwin]
  collapse include dir [/usr/lib/gcc/x86_64-pc-cygwin/7.4.0/include/c++/backward] ==> [/usr/lib/gcc/x86_64-pc-cygwin/7.4.0/include/c++/backward]
  collapse include dir [/usr/lib/gcc/x86_64-pc-cygwin/7.4.0/include] ==> [/usr/lib/gcc/x86_64-pc-cygwin/7.4.0/include]
  collapse include dir [/usr/include] ==> [/usr/include]
  collapse include dir [/usr/lib/gcc/x86_64-pc-cygwin/7.4.0/../../../../lib/../include/w32api] ==> [/usr/include/w32api]
  implicit include dirs: [/usr/lib/gcc/x86_64-pc-cygwin/7.4.0/include/c++;/usr/lib/gcc/x86_64-pc-cygwin/7.4.0/include/c++/x86_64-pc-cygwin;/usr/lib/gcc/x86_64-pc-cygwin/7.4.0/include/c++/backward;/usr/lib/gcc/x86_64-pc-cygwin/7.4.0/include;/usr/include;/usr/include/w32api]


Parsed CXX implicit link information from above output:
  link line regex: [^( *|.*[/\])(ld\.exe|CMAKE_LINK_STARTFILE-NOTFOUND|([^/\]+-)?ld|collect2)[^/\]*( |$)]
  ignore line: [Change Dir: /cygdrive/c/Users/Marion/Documents/GitHub/GEN/GEN_Labo5/cmake-build-debug/CMakeFiles/CMakeTmp]
  ignore line: []
  ignore line: [Run Build Command(s):/usr/bin/make.exe cmTC_60f04/fast ]
  ignore line: [/usr/bin/make -f CMakeFiles/cmTC_60f04.dir/build.make CMakeFiles/cmTC_60f04.dir/build]
  ignore line: [make[1]: Entering directory '/cygdrive/c/Users/Marion/Documents/GitHub/GEN/GEN_Labo5/cmake-build-debug/CMakeFiles/CMakeTmp']
  ignore line: [Building CXX object CMakeFiles/cmTC_60f04.dir/CMakeCXXCompilerABI.cpp.o]
  ignore line: [/usr/bin/c++.exe    -v -o CMakeFiles/cmTC_60f04.dir/CMakeCXXCompilerABI.cpp.o -c /cygdrive/c/Users/Marion/.CLion2019.1/system/cygwin_cmake/share/cmake-3.14.3/Modules/CMakeCXXCompilerABI.cpp]
  ignore line: [Using built-in specs.]
  ignore line: [COLLECT_GCC=/usr/bin/c++]
  ignore line: [Target: x86_64-pc-cygwin]
  ignore line: [Configured with: /cygdrive/i/szsz/tmpp/gcc/gcc-7.4.0-1.x86_64/src/gcc-7.4.0/configure --srcdir=/cygdrive/i/szsz/tmpp/gcc/gcc-7.4.0-1.x86_64/src/gcc-7.4.0 --prefix=/usr --exec-prefix=/usr --localstatedir=/var --sysconfdir=/etc --docdir=/usr/share/doc/gcc --htmldir=/usr/share/doc/gcc/html -C --build=x86_64-pc-cygwin --host=x86_64-pc-cygwin --target=x86_64-pc-cygwin --without-libiconv-prefix --without-libintl-prefix --libexecdir=/usr/lib --enable-shared --enable-shared-libgcc --enable-static --enable-version-specific-runtime-libs --enable-bootstrap --enable-__cxa_atexit --with-dwarf2 --with-tune=generic --enable-languages=ada,c,c++,fortran,lto,objc,obj-c++ --enable-graphite --enable-threads=posix --enable-libatomic --enable-libcilkrts --enable-libgomp --enable-libitm --enable-libquadmath --enable-libquadmath-support --disable-libssp --enable-libada --disable-symvers --with-gnu-ld --with-gnu-as --with-cloog-include=/usr/include/cloog-isl --without-libiconv-prefix --without-libintl-prefix --with-system-zlib --enable-linker-build-id --with-default-libstdcxx-abi=gcc4-compatible --enable-libstdcxx-filesystem-ts]
  ignore line: [Thread model: posix]
  ignore line: [gcc version 7.4.0 (GCC) ]
  ignore line: [COLLECT_GCC_OPTIONS='-v' '-o' 'CMakeFiles/cmTC_60f04.dir/CMakeCXXCompilerABI.cpp.o' '-c' '-shared-libgcc' '-mtune=generic' '-march=x86-64']
  ignore line: [ /usr/lib/gcc/x86_64-pc-cygwin/7.4.0/cc1plus.exe -quiet -v -idirafter /usr/lib/gcc/x86_64-pc-cygwin/7.4.0/../../../../lib/../include/w32api -idirafter /usr/lib/gcc/x86_64-pc-cygwin/7.4.0/../../../../x86_64-pc-cygwin/lib/../lib/../../include/w32api /cygdrive/c/Users/Marion/.CLion2019.1/system/cygwin_cmake/share/cmake-3.14.3/Modules/CMakeCXXCompilerABI.cpp -quiet -dumpbase CMakeCXXCompilerABI.cpp -mtune=generic -march=x86-64 -auxbase-strip CMakeFiles/cmTC_60f04.dir/CMakeCXXCompilerABI.cpp.o -version -o /tmp/cc1ZawHs.s]
  ignore line: [GNU C++14 (GCC) version 7.4.0 (x86_64-pc-cygwin)]
  ignore line: [	compiled by GNU C version 7.4.0, GMP version 6.1.2, MPFR version 4.0.1-p11, MPC version 1.1.0, isl version isl-0.16.1-GMP]
  ignore line: []
  ignore line: [warning: MPFR header version 4.0.1-p11 differs from library version 4.0.2.]
  ignore line: [GGC heuristics: --param ggc-min-expand=100 --param ggc-min-heapsize=131072]
  ignore line: [ignoring nonexistent directory "/usr/local/include"]
  ignore line: [ignoring nonexistent directory "/usr/lib/gcc/x86_64-pc-cygwin/7.4.0/include-fixed"]
  ignore line: [ignoring nonexistent directory "/usr/lib/gcc/x86_64-pc-cygwin/7.4.0/../../../../x86_64-pc-cygwin/include"]
  ignore line: [ignoring duplicate directory "/usr/lib/gcc/x86_64-pc-cygwin/7.4.0/../../../../x86_64-pc-cygwin/lib/../lib/../../include/w32api"]
  ignore line: [#include "..." search starts here:]
  ignore line: [#include <...> search starts here:]
  ignore line: [ /usr/lib/gcc/x86_64-pc-cygwin/7.4.0/include/c++]
  ignore line: [ /usr/lib/gcc/x86_64-pc-cygwin/7.4.0/include/c++/x86_64-pc-cygwin]
  ignore line: [ /usr/lib/gcc/x86_64-pc-cygwin/7.4.0/include/c++/backward]
  ignore line: [ /usr/lib/gcc/x86_64-pc-cygwin/7.4.0/include]
  ignore line: [ /usr/include]
  ignore line: [ /usr/lib/gcc/x86_64-pc-cygwin/7.4.0/../../../../lib/../include/w32api]
  ignore line: [End of search list.]
  ignore line: [GNU C++14 (GCC) version 7.4.0 (x86_64-pc-cygwin)]
  ignore line: [	compiled by GNU C version 7.4.0, GMP version 6.1.2, MPFR version 4.0.1-p11, MPC version 1.1.0, isl version isl-0.16.1-GMP]
  ignore line: []
  ignore line: [warning: MPFR header version 4.0.1-p11 differs from library version 4.0.2.]
  ignore line: [GGC heuristics: --param ggc-min-expand=100 --param ggc-min-heapsize=131072]
  ignore line: [Compiler executable checksum: fad625746d9e5a9fde6f0a54da0c00b5]
  ignore line: [COLLECT_GCC_OPTIONS='-v' '-o' 'CMakeFiles/cmTC_60f04.dir/CMakeCXXCompilerABI.cpp.o' '-c' '-shared-libgcc' '-mtune=generic' '-march=x86-64']
  ignore line: [ /usr/lib/gcc/x86_64-pc-cygwin/7.4.0/../../../../x86_64-pc-cygwin/bin/as.exe -v -o CMakeFiles/cmTC_60f04.dir/CMakeCXXCompilerABI.cpp.o /tmp/cc1ZawHs.s]
  ignore line: [GNU assembler version 2.29.1 (x86_64-pc-cygwin) using BFD version (GNU Binutils) 2.29.1.20171006]
  ignore line: [COMPILER_PATH=/usr/lib/gcc/x86_64-pc-cygwin/7.4.0/:/usr/lib/gcc/x86_64-pc-cygwin/7.4.0/:/usr/lib/gcc/x86_64-pc-cygwin/:/usr/lib/gcc/x86_64-pc-cygwin/7.4.0/:/usr/lib/gcc/x86_64-pc-cygwin/:/usr/lib/gcc/x86_64-pc-cygwin/7.4.0/../../../../x86_64-pc-cygwin/bin/]
  ignore line: [LIBRARY_PATH=/usr/lib/gcc/x86_64-pc-cygwin/7.4.0/:/usr/lib/gcc/x86_64-pc-cygwin/7.4.0/../../../../x86_64-pc-cygwin/lib/../lib/:/usr/lib/gcc/x86_64-pc-cygwin/7.4.0/../../../../lib/:/lib/../lib/:/usr/lib/../lib/:/usr/lib/gcc/x86_64-pc-cygwin/7.4.0/../../../../x86_64-pc-cygwin/lib/:/usr/lib/gcc/x86_64-pc-cygwin/7.4.0/../../../:/lib/:/usr/lib/]
  ignore line: [COLLECT_GCC_OPTIONS='-v' '-o' 'CMakeFiles/cmTC_60f04.dir/CMakeCXXCompilerABI.cpp.o' '-c' '-shared-libgcc' '-mtune=generic' '-march=x86-64']
  ignore line: [Linking CXX static library libcmTC_60f04.a]
  ignore line: [/cygdrive/c/Users/Marion/.CLion2019.1/system/cygwin_cmake/bin/cmake.exe -P CMakeFiles/cmTC_60f04.dir/cmake_clean_target.cmake]
  ignore line: [/cygdrive/c/Users/Marion/.CLion2019.1/system/cygwin_cmake/bin/cmake.exe -E cmake_link_script CMakeFiles/cmTC_60f04.dir/link.txt --verbose=1]
  ignore line: [/usr/bin/ar.exe qc libcmTC_60f04.a  CMakeFiles/cmTC_60f04.dir/CMakeCXXCompilerABI.cpp.o]
  ignore line: [/usr/bin/ranlib.exe libcmTC_60f04.a]
  ignore line: [make[1]: Leaving directory '/cygdrive/c/Users/Marion/Documents/GitHub/GEN/GEN_Labo5/cmake-build-debug/CMakeFiles/CMakeTmp']
  ignore line: []
  implicit libs: []
  implicit dirs: []
  implicit fwks: []




Detecting CXX [-std=c++1z] compiler features compiled with the following output:
Change Dir: /cygdrive/c/Users/Marion/Documents/GitHub/GEN/GEN_Labo5/cmake-build-debug/CMakeFiles/CMakeTmp

Run Build Command(s):/usr/bin/make.exe cmTC_6dea3/fast 
/usr/bin/make -f CMakeFiles/cmTC_6dea3.dir/build.make CMakeFiles/cmTC_6dea3.dir/build
make[1]: Entering directory '/cygdrive/c/Users/Marion/Documents/GitHub/GEN/GEN_Labo5/cmake-build-debug/CMakeFiles/CMakeTmp'
Building CXX object CMakeFiles/cmTC_6dea3.dir/feature_tests.cxx.o
/usr/bin/c++.exe    -std=c++1z -o CMakeFiles/cmTC_6dea3.dir/feature_tests.cxx.o -c /cygdrive/c/Users/Marion/Documents/GitHub/GEN/GEN_Labo5/cmake-build-debug/CMakeFiles/feature_tests.cxx
Linking CXX static library libcmTC_6dea3.a
/cygdrive/c/Users/Marion/.CLion2019.1/system/cygwin_cmake/bin/cmake.exe -P CMakeFiles/cmTC_6dea3.dir/cmake_clean_target.cmake
/cygdrive/c/Users/Marion/.CLion2019.1/system/cygwin_cmake/bin/cmake.exe -E cmake_link_script CMakeFiles/cmTC_6dea3.dir/link.txt --verbose=1
/usr/bin/ar.exe qc libcmTC_6dea3.a  CMakeFiles/cmTC_6dea3.dir/feature_tests.cxx.o
/usr/bin/ranlib.exe libcmTC_6dea3.a
make[1]: Leaving directory '/cygdrive/c/Users/Marion/Documents/GitHub/GEN/GEN_Labo5/cmake-build-debug/CMakeFiles/CMakeTmp'


    Feature record: CXX_FEATURE:1cxx_aggregate_default_initializers
    Feature record: CXX_FEATURE:1cxx_alias_templates
    Feature record: CXX_FEATURE:1cxx_alignas
    Feature record: CXX_FEATURE:1cxx_alignof
    Feature record: CXX_FEATURE:1cxx_attributes
    Feature record: CXX_FEATURE:1cxx_attribute_deprecated
    Feature record: CXX_FEATURE:1cxx_auto_type
    Feature record: CXX_FEATURE:1cxx_binary_literals
    Feature record: CXX_FEATURE:1cxx_constexpr
    Feature record: CXX_FEATURE:1cxx_contextual_conversions
    Feature record: CXX_FEATURE:1cxx_decltype
    Feature record: CXX_FEATURE:1cxx_decltype_auto
    Feature record: CXX_FEATURE:1cxx_decltype_incomplete_return_types
    Feature record: CXX_FEATURE:1cxx_default_function_template_args
    Feature record: CXX_FEATURE:1cxx_defaulted_functions
    Feature record: CXX_FEATURE:1cxx_defaulted_move_initializers
    Feature record: CXX_FEATURE:1cxx_delegating_constructors
    Feature record: CXX_FEATURE:1cxx_deleted_functions
    Feature record: CXX_FEATURE:1cxx_digit_separators
    Feature record: CXX_FEATURE:1cxx_enum_forward_declarations
    Feature record: CXX_FEATURE:1cxx_explicit_conversions
    Feature record: CXX_FEATURE:1cxx_extended_friend_declarations
    Feature record: CXX_FEATURE:1cxx_extern_templates
    Feature record: CXX_FEATURE:1cxx_final
    Feature record: CXX_FEATURE:1cxx_func_identifier
    Feature record: CXX_FEATURE:1cxx_generalized_initializers
    Feature record: CXX_FEATURE:1cxx_generic_lambdas
    Feature record: CXX_FEATURE:1cxx_inheriting_constructors
    Feature record: CXX_FEATURE:1cxx_inline_namespaces
    Feature record: CXX_FEATURE:1cxx_lambdas
    Feature record: CXX_FEATURE:1cxx_lambda_init_captures
    Feature record: CXX_FEATURE:1cxx_local_type_template_args
    Feature record: CXX_FEATURE:1cxx_long_long_type
    Feature record: CXX_FEATURE:1cxx_noexcept
    Feature record: CXX_FEATURE:1cxx_nonstatic_member_init
    Feature record: CXX_FEATURE:1cxx_nullptr
    Feature record: CXX_FEATURE:1cxx_override
    Feature record: CXX_FEATURE:1cxx_range_for
    Feature record: CXX_FEATURE:1cxx_raw_string_literals
    Feature record: CXX_FEATURE:1cxx_reference_qualified_functions
    Feature record: CXX_FEATURE:1cxx_relaxed_constexpr
    Feature record: CXX_FEATURE:1cxx_return_type_deduction
    Feature record: CXX_FEATURE:1cxx_right_angle_brackets
    Feature record: CXX_FEATURE:1cxx_rvalue_references
    Feature record: CXX_FEATURE:1cxx_sizeof_member
    Feature record: CXX_FEATURE:1cxx_static_assert
    Feature record: CXX_FEATURE:1cxx_strong_enums
    Feature record: CXX_FEATURE:1cxx_template_template_parameters
    Feature record: CXX_FEATURE:1cxx_thread_local
    Feature record: CXX_FEATURE:1cxx_trailing_return_types
    Feature record: CXX_FEATURE:1cxx_unicode_literals
    Feature record: CXX_FEATURE:1cxx_uniform_initialization
    Feature record: CXX_FEATURE:1cxx_unrestricted_unions
    Feature record: CXX_FEATURE:1cxx_user_literals
    Feature record: CXX_FEATURE:1cxx_variable_templates
    Feature record: CXX_FEATURE:1cxx_variadic_macros
    Feature record: CXX_FEATURE:1cxx_variadic_templates


Detecting CXX [-std=c++14] compiler features compiled with the following output:
Change Dir: /cygdrive/c/Users/Marion/Documents/GitHub/GEN/GEN_Labo5/cmake-build-debug/CMakeFiles/CMakeTmp

Run Build Command(s):/usr/bin/make.exe cmTC_b9364/fast 
/usr/bin/make -f CMakeFiles/cmTC_b9364.dir/build.make CMakeFiles/cmTC_b9364.dir/build
make[1]: Entering directory '/cygdrive/c/Users/Marion/Documents/GitHub/GEN/GEN_Labo5/cmake-build-debug/CMakeFiles/CMakeTmp'
Building CXX object CMakeFiles/cmTC_b9364.dir/feature_tests.cxx.o
/usr/bin/c++.exe    -std=c++14 -o CMakeFiles/cmTC_b9364.dir/feature_tests.cxx.o -c /cygdrive/c/Users/Marion/Documents/GitHub/GEN/GEN_Labo5/cmake-build-debug/CMakeFiles/feature_tests.cxx
Linking CXX static library libcmTC_b9364.a
/cygdrive/c/Users/Marion/.CLion2019.1/system/cygwin_cmake/bin/cmake.exe -P CMakeFiles/cmTC_b9364.dir/cmake_clean_target.cmake
/cygdrive/c/Users/Marion/.CLion2019.1/system/cygwin_cmake/bin/cmake.exe -E cmake_link_script CMakeFiles/cmTC_b9364.dir/link.txt --verbose=1
/usr/bin/ar.exe qc libcmTC_b9364.a  CMakeFiles/cmTC_b9364.dir/feature_tests.cxx.o
/usr/bin/ranlib.exe libcmTC_b9364.a
make[1]: Leaving directory '/cygdrive/c/Users/Marion/Documents/GitHub/GEN/GEN_Labo5/cmake-build-debug/CMakeFiles/CMakeTmp'


    Feature record: CXX_FEATURE:1cxx_aggregate_default_initializers
    Feature record: CXX_FEATURE:1cxx_alias_templates
    Feature record: CXX_FEATURE:1cxx_alignas
    Feature record: CXX_FEATURE:1cxx_alignof
    Feature record: CXX_FEATURE:1cxx_attributes
    Feature record: CXX_FEATURE:1cxx_attribute_deprecated
    Feature record: CXX_FEATURE:1cxx_auto_type
    Feature record: CXX_FEATURE:1cxx_binary_literals
    Feature record: CXX_FEATURE:1cxx_constexpr
    Feature record: CXX_FEATURE:1cxx_contextual_conversions
    Feature record: CXX_FEATURE:1cxx_decltype
    Feature record: CXX_FEATURE:1cxx_decltype_auto
    Feature record: CXX_FEATURE:1cxx_decltype_incomplete_return_types
    Feature record: CXX_FEATURE:1cxx_default_function_template_args
    Feature record: CXX_FEATURE:1cxx_defaulted_functions
    Feature record: CXX_FEATURE:1cxx_defaulted_move_initializers
    Feature record: CXX_FEATURE:1cxx_delegating_constructors
    Feature record: CXX_FEATURE:1cxx_deleted_functions
    Feature record: CXX_FEATURE:1cxx_digit_separators
    Feature record: CXX_FEATURE:1cxx_enum_forward_declarations
    Feature record: CXX_FEATURE:1cxx_explicit_conversions
    Feature record: CXX_FEATURE:1cxx_extended_friend_declarations
    Feature record: CXX_FEATURE:1cxx_extern_templates
    Feature record: CXX_FEATURE:1cxx_final
    Feature record: CXX_FEATURE:1cxx_func_identifier
    Feature record: CXX_FEATURE:1cxx_generalized_initializers
    Feature record: CXX_FEATURE:1cxx_generic_lambdas
    Feature record: CXX_FEATURE:1cxx_inheriting_constructors
    Feature record: CXX_FEATURE:1cxx_inline_namespaces
    Feature record: CXX_FEATURE:1cxx_lambdas
    Feature record: CXX_FEATURE:1cxx_lambda_init_captures
    Feature record: CXX_FEATURE:1cxx_local_type_template_args
    Feature record: CXX_FEATURE:1cxx_long_long_type
    Feature record: CXX_FEATURE:1cxx_noexcept
    Feature record: CXX_FEATURE:1cxx_nonstatic_member_init
    Feature record: CXX_FEATURE:1cxx_nullptr
    Feature record: CXX_FEATURE:1cxx_override
    Feature record: CXX_FEATURE:1cxx_range_for
    Feature record: CXX_FEATURE:1cxx_raw_string_literals
    Feature record: CXX_FEATURE:1cxx_reference_qualified_functions
    Feature record: CXX_FEATURE:1cxx_relaxed_constexpr
    Feature record: CXX_FEATURE:1cxx_return_type_deduction
    Feature record: CXX_FEATURE:1cxx_right_angle_brackets
    Feature record: CXX_FEATURE:1cxx_rvalue_references
    Feature record: CXX_FEATURE:1cxx_sizeof_member
    Feature record: CXX_FEATURE:1cxx_static_assert
    Feature record: CXX_FEATURE:1cxx_strong_enums
    Feature record: CXX_FEATURE:1cxx_template_template_parameters
    Feature record: CXX_FEATURE:1cxx_thread_local
    Feature record: CXX_FEATURE:1cxx_trailing_return_types
    Feature record: CXX_FEATURE:1cxx_unicode_literals
    Feature record: CXX_FEATURE:1cxx_uniform_initialization
    Feature record: CXX_FEATURE:1cxx_unrestricted_unions
    Feature record: CXX_FEATURE:1cxx_user_literals
    Feature record: CXX_FEATURE:1cxx_variable_templates
    Feature record: CXX_FEATURE:1cxx_variadic_macros
    Feature record: CXX_FEATURE:1cxx_variadic_templates


Detecting CXX [-std=c++11] compiler features compiled with the following output:
Change Dir: /cygdrive/c/Users/Marion/Documents/GitHub/GEN/GEN_Labo5/cmake-build-debug/CMakeFiles/CMakeTmp

Run Build Command(s):/usr/bin/make.exe cmTC_39c3a/fast 
/usr/bin/make -f CMakeFiles/cmTC_39c3a.dir/build.make CMakeFiles/cmTC_39c3a.dir/build
make[1]: Entering directory '/cygdrive/c/Users/Marion/Documents/GitHub/GEN/GEN_Labo5/cmake-build-debug/CMakeFiles/CMakeTmp'
Building CXX object CMakeFiles/cmTC_39c3a.dir/feature_tests.cxx.o
/usr/bin/c++.exe    -std=c++11 -o CMakeFiles/cmTC_39c3a.dir/feature_tests.cxx.o -c /cygdrive/c/Users/Marion/Documents/GitHub/GEN/GEN_Labo5/cmake-build-debug/CMakeFiles/feature_tests.cxx
Linking CXX static library libcmTC_39c3a.a
/cygdrive/c/Users/Marion/.CLion2019.1/system/cygwin_cmake/bin/cmake.exe -P CMakeFiles/cmTC_39c3a.dir/cmake_clean_target.cmake
/cygdrive/c/Users/Marion/.CLion2019.1/system/cygwin_cmake/bin/cmake.exe -E cmake_link_script CMakeFiles/cmTC_39c3a.dir/link.txt --verbose=1
/usr/bin/ar.exe qc libcmTC_39c3a.a  CMakeFiles/cmTC_39c3a.dir/feature_tests.cxx.o
/usr/bin/ranlib.exe libcmTC_39c3a.a
make[1]: Leaving directory '/cygdrive/c/Users/Marion/Documents/GitHub/GEN/GEN_Labo5/cmake-build-debug/CMakeFiles/CMakeTmp'


    Feature record: CXX_FEATURE:0cxx_aggregate_default_initializers
    Feature record: CXX_FEATURE:1cxx_alias_templates
    Feature record: CXX_FEATURE:1cxx_alignas
    Feature record: CXX_FEATURE:1cxx_alignof
    Feature record: CXX_FEATURE:1cxx_attributes
    Feature record: CXX_FEATURE:0cxx_attribute_deprecated
    Feature record: CXX_FEATURE:1cxx_auto_type
    Feature record: CXX_FEATURE:0cxx_binary_literals
    Feature record: CXX_FEATURE:1cxx_constexpr
    Feature record: CXX_FEATURE:0cxx_contextual_conversions
    Feature record: CXX_FEATURE:1cxx_decltype
    Feature record: CXX_FEATURE:0cxx_decltype_auto
    Feature record: CXX_FEATURE:1cxx_decltype_incomplete_return_types
    Feature record: CXX_FEATURE:1cxx_default_function_template_args
    Feature record: CXX_FEATURE:1cxx_defaulted_functions
    Feature record: CXX_FEATURE:1cxx_defaulted_move_initializers
    Feature record: CXX_FEATURE:1cxx_delegating_constructors
    Feature record: CXX_FEATURE:1cxx_deleted_functions
    Feature record: CXX_FEATURE:0cxx_digit_separators
    Feature record: CXX_FEATURE:1cxx_enum_forward_declarations
    Feature record: CXX_FEATURE:1cxx_explicit_conversions
    Feature record: CXX_FEATURE:1cxx_extended_friend_declarations
    Feature record: CXX_FEATURE:1cxx_extern_templates
    Feature record: CXX_FEATURE:1cxx_final
    Feature record: CXX_FEATURE:1cxx_func_identifier
    Feature record: CXX_FEATURE:1cxx_generalized_initializers
    Feature record: CXX_FEATURE:0cxx_generic_lambdas
    Feature record: CXX_FEATURE:1cxx_inheriting_constructors
    Feature record: CXX_FEATURE:1cxx_inline_namespaces
    Feature record: CXX_FEATURE:1cxx_lambdas
    Feature record: CXX_FEATURE:0cxx_lambda_init_captures
    Feature record: CXX_FEATURE:1cxx_local_type_template_args
    Feature record: CXX_FEATURE:1cxx_long_long_type
    Feature record: CXX_FEATURE:1cxx_noexcept
    Feature record: CXX_FEATURE:1cxx_nonstatic_member_init
    Feature record: CXX_FEATURE:1cxx_nullptr
    Feature record: CXX_FEATURE:1cxx_override
    Feature record: CXX_FEATURE:1cxx_range_for
    Feature record: CXX_FEATURE:1cxx_raw_string_literals
    Feature record: CXX_FEATURE:1cxx_reference_qualified_functions
    Feature record: CXX_FEATURE:0cxx_relaxed_constexpr
    Feature record: CXX_FEATURE:0cxx_return_type_deduction
    Feature record: CXX_FEATURE:1cxx_right_angle_brackets
    Feature record: CXX_FEATURE:1cxx_rvalue_references
    Feature record: CXX_FEATURE:1cxx_sizeof_member
    Feature record: CXX_FEATURE:1cxx_static_assert
    Feature record: CXX_FEATURE:1cxx_strong_enums
    Feature record: CXX_FEATURE:1cxx_template_template_parameters
    Feature record: CXX_FEATURE:1cxx_thread_local
    Feature record: CXX_FEATURE:1cxx_trailing_return_types
    Feature record: CXX_FEATURE:1cxx_unicode_literals
    Feature record: CXX_FEATURE:1cxx_uniform_initialization
    Feature record: CXX_FEATURE:1cxx_unrestricted_unions
    Feature record: CXX_FEATURE:1cxx_user_literals
    Feature record: CXX_FEATURE:0cxx_variable_templates
    Feature record: CXX_FEATURE:1cxx_variadic_macros
    Feature record: CXX_FEATURE:1cxx_variadic_templates


Detecting CXX [-std=c++98] compiler features compiled with the following output:
Change Dir: /cygdrive/c/Users/Marion/Documents/GitHub/GEN/GEN_Labo5/cmake-build-debug/CMakeFiles/CMakeTmp

Run Build Command(s):/usr/bin/make.exe cmTC_66985/fast 
/usr/bin/make -f CMakeFiles/cmTC_66985.dir/build.make CMakeFiles/cmTC_66985.dir/build
make[1]: Entering directory '/cygdrive/c/Users/Marion/Documents/GitHub/GEN/GEN_Labo5/cmake-build-debug/CMakeFiles/CMakeTmp'
Building CXX object CMakeFiles/cmTC_66985.dir/feature_tests.cxx.o
/usr/bin/c++.exe    -std=c++98 -o CMakeFiles/cmTC_66985.dir/feature_tests.cxx.o -c /cygdrive/c/Users/Marion/Documents/GitHub/GEN/GEN_Labo5/cmake-build-debug/CMakeFiles/feature_tests.cxx
Linking CXX static library libcmTC_66985.a
/cygdrive/c/Users/Marion/.CLion2019.1/system/cygwin_cmake/bin/cmake.exe -P CMakeFiles/cmTC_66985.dir/cmake_clean_target.cmake
/cygdrive/c/Users/Marion/.CLion2019.1/system/cygwin_cmake/bin/cmake.exe -E cmake_link_script CMakeFiles/cmTC_66985.dir/link.txt --verbose=1
/usr/bin/ar.exe qc libcmTC_66985.a  CMakeFiles/cmTC_66985.dir/feature_tests.cxx.o
/usr/bin/ranlib.exe libcmTC_66985.a
make[1]: Leaving directory '/cygdrive/c/Users/Marion/Documents/GitHub/GEN/GEN_Labo5/cmake-build-debug/CMakeFiles/CMakeTmp'


    Feature record: CXX_FEATURE:0cxx_aggregate_default_initializers
    Feature record: CXX_FEATURE:0cxx_alias_templates
    Feature record: CXX_FEATURE:0cxx_alignas
    Feature record: CXX_FEATURE:0cxx_alignof
    Feature record: CXX_FEATURE:0cxx_attributes
    Feature record: CXX_FEATURE:0cxx_attribute_deprecated
    Feature record: CXX_FEATURE:0cxx_auto_type
    Feature record: CXX_FEATURE:0cxx_binary_literals
    Feature record: CXX_FEATURE:0cxx_constexpr
    Feature record: CXX_FEATURE:0cxx_contextual_conversions
    Feature record: CXX_FEATURE:0cxx_decltype
    Feature record: CXX_FEATURE:0cxx_decltype_auto
    Feature record: CXX_FEATURE:0cxx_decltype_incomplete_return_types
    Feature record: CXX_FEATURE:0cxx_default_function_template_args
    Feature record: CXX_FEATURE:0cxx_defaulted_functions
    Feature record: CXX_FEATURE:0cxx_defaulted_move_initializers
    Feature record: CXX_FEATURE:0cxx_delegating_constructors
    Feature record: CXX_FEATURE:0cxx_deleted_functions
    Feature record: CXX_FEATURE:0cxx_digit_separators
    Feature record: CXX_FEATURE:0cxx_enum_forward_declarations
    Feature record: CXX_FEATURE:0cxx_explicit_conversions
    Feature record: CXX_FEATURE:0cxx_extended_friend_declarations
    Feature record: CXX_FEATURE:0cxx_extern_templates
    Feature record: CXX_FEATURE:0cxx_final
    Feature record: CXX_FEATURE:0cxx_func_identifier
    Feature record: CXX_FEATURE:0cxx_generalized_initializers
    Feature record: CXX_FEATURE:0cxx_generic_lambdas
    Feature record: CXX_FEATURE:0cxx_inheriting_constructors
    Feature record: CXX_FEATURE:0cxx_inline_namespaces
    Feature record: CXX_FEATURE:0cxx_lambdas
    Feature record: CXX_FEATURE:0cxx_lambda_init_captures
    Feature record: CXX_FEATURE:0cxx_local_type_template_args
    Feature record: CXX_FEATURE:0cxx_long_long_type
    Feature record: CXX_FEATURE:0cxx_noexcept
    Feature record: CXX_FEATURE:0cxx_nonstatic_member_init
    Feature record: CXX_FEATURE:0cxx_nullptr
    Feature record: CXX_FEATURE:0cxx_override
    Feature record: CXX_FEATURE:0cxx_range_for
    Feature record: CXX_FEATURE:0cxx_raw_string_literals
    Feature record: CXX_FEATURE:0cxx_reference_qualified_functions
    Feature record: CXX_FEATURE:0cxx_relaxed_constexpr
    Feature record: CXX_FEATURE:0cxx_return_type_deduction
    Feature record: CXX_FEATURE:0cxx_right_angle_brackets
    Feature record: CXX_FEATURE:0cxx_rvalue_references
    Feature record: CXX_FEATURE:0cxx_sizeof_member
    Feature record: CXX_FEATURE:0cxx_static_assert
    Feature record: CXX_FEATURE:0cxx_strong_enums
    Feature record: CXX_FEATURE:1cxx_template_template_parameters
    Feature record: CXX_FEATURE:0cxx_thread_local
    Feature record: CXX_FEATURE:0cxx_trailing_return_types
    Feature record: CXX_FEATURE:0cxx_unicode_literals
    Feature record: CXX_FEATURE:0cxx_uniform_initialization
    Feature record: CXX_FEATURE:0cxx_unrestricted_unions
    Feature record: CXX_FEATURE:0cxx_user_literals
    Feature record: CXX_FEATURE:0cxx_variable_templates
    Feature record: CXX_FEATURE:0cxx_variadic_macros
    Feature record: CXX_FEATURE:0cxx_variadic_templates
Determining if the include file pthread.h exists passed with the following output:
Change Dir: /cygdrive/c/Users/Marion/Documents/GitHub/GEN/GEN_Labo5/cmake-build-debug/CMakeFiles/CMakeTmp

Run Build Command(s):/usr/bin/make.exe cmTC_5225a/fast 
/usr/bin/make -f CMakeFiles/cmTC_5225a.dir/build.make CMakeFiles/cmTC_5225a.dir/build
make[1]: Entering directory '/cygdrive/c/Users/Marion/Documents/GitHub/GEN/GEN_Labo5/cmake-build-debug/CMakeFiles/CMakeTmp'
Building C object CMakeFiles/cmTC_5225a.dir/CheckIncludeFile.c.o
/usr/bin/cc    -o CMakeFiles/cmTC_5225a.dir/CheckIncludeFile.c.o   -c /cygdrive/c/Users/Marion/Documents/GitHub/GEN/GEN_Labo5/cmake-build-debug/CMakeFiles/CMakeTmp/CheckIncludeFile.c
Linking C static library libcmTC_5225a.a
/cygdrive/c/Users/Marion/.CLion2019.1/system/cygwin_cmake/bin/cmake.exe -P CMakeFiles/cmTC_5225a.dir/cmake_clean_target.cmake
/cygdrive/c/Users/Marion/.CLion2019.1/system/cygwin_cmake/bin/cmake.exe -E cmake_link_script CMakeFiles/cmTC_5225a.dir/link.txt --verbose=1
/usr/bin/ar.exe qc libcmTC_5225a.a  CMakeFiles/cmTC_5225a.dir/CheckIncludeFile.c.o
/usr/bin/ranlib.exe libcmTC_5225a.a
make[1]: Leaving directory '/cygdrive/c/Users/Marion/Documents/GitHub/GEN/GEN_Labo5/cmake-build-debug/CMakeFiles/CMakeTmp'


Determining if the pthread_create exist passed with the following output:
Change Dir: /cygdrive/c/Users/Marion/Documents/GitHub/GEN/GEN_Labo5/cmake-build-debug/CMakeFiles/CMakeTmp

Run Build Command(s):/usr/bin/make.exe cmTC_14f39/fast 
/usr/bin/make -f CMakeFiles/cmTC_14f39.dir/build.make CMakeFiles/cmTC_14f39.dir/build
make[1]: Entering directory '/cygdrive/c/Users/Marion/Documents/GitHub/GEN/GEN_Labo5/cmake-build-debug/CMakeFiles/CMakeTmp'
Building C object CMakeFiles/cmTC_14f39.dir/CheckSymbolExists.c.o
/usr/bin/cc    -o CMakeFiles/cmTC_14f39.dir/CheckSymbolExists.c.o   -c /cygdrive/c/Users/Marion/Documents/GitHub/GEN/GEN_Labo5/cmake-build-debug/CMakeFiles/CMakeTmp/CheckSymbolExists.c
Linking C static library libcmTC_14f39.a
/cygdrive/c/Users/Marion/.CLion2019.1/system/cygwin_cmake/bin/cmake.exe -P CMakeFiles/cmTC_14f39.dir/cmake_clean_target.cmake
/cygdrive/c/Users/Marion/.CLion2019.1/system/cygwin_cmake/bin/cmake.exe -E cmake_link_script CMakeFiles/cmTC_14f39.dir/link.txt --verbose=1
/usr/bin/ar.exe qc libcmTC_14f39.a  CMakeFiles/cmTC_14f39.dir/CheckSymbolExists.c.o
/usr/bin/ranlib.exe libcmTC_14f39.a
make[1]: Leaving directory '/cygdrive/c/Users/Marion/Documents/GitHub/GEN/GEN_Labo5/cmake-build-debug/CMakeFiles/CMakeTmp'

File /cygdrive/c/Users/Marion/Documents/GitHub/GEN/GEN_Labo5/cmake-build-debug/CMakeFiles/CMakeTmp/CheckSymbolExists.c:
/* */
#include <pthread.h>

int main(int argc, char** argv)
{
  (void)argv;
#ifndef pthread_create
  return ((int*)(&pthread_create))[argc];
#else
  (void)argc;
  return 0;
#endif
}

